8.7410 	WARNING 	User requested fullscreen with size [1024  768], but screen is actually [1360, 768]. Using actual size
10.2545 	EXP 	Created window1 = Window(allowGUI=False, allowStencil=False, args=UNKNOWN, autoLog=True, bitsMode=UNKNOWN, blendMode='avg', color=array([0., 0., 0.]), colorSpace='rgb', fullscr=UNKNOWN, gamma=None, kwargs=UNKNOWN, lms=UNKNOWN, monitor=<psychopy.monitors.calibTools.Monitor object at 0x1053B7B0>, multiSample=False, name='window1', numSamples=2, pos=[0.0, 0.0], screen=0, size=array([1360,  768]), stereo=False, units='norm', useFBO=True, useRetina=False, viewOri=0.0, viewPos=None, viewScale=None, waitBlanking=True, winType='pyglet')
10.2545 	EXP 	window1: recordFrameIntervals = False
10.5636 	EXP 	window1: recordFrameIntervals = True
10.9038 	EXP 	window1: recordFrameIntervals = False
11.3016 	EXP 	Created text_wel = TextStim(__class__=<class 'psychopy.visual.text.TextStim'>, alignHoriz='center', alignVert='center', antialias=True, autoLog=True, bold=False, color='white', colorSpace='named', contrast=1.0, depth=0.0, flipHoriz=False, flipVert=False, font='Consonlas', fontFiles=[], height=0.08, italic=False, name='text_wel', opacity=1.0, ori=0, pos=array([0., 0.]), rgb=array([255., 255., 255.]), text=str(...), units='norm', win=Window(...), wrapWidth=1)
11.3182 	EXP 	Created beauty_left = TextStim(__class__=<class 'psychopy.visual.text.TextStim'>, alignHoriz='center', alignVert='center', antialias=True, autoLog=True, bold=False, color='white', colorSpace='named', contrast=1.0, depth=0.0, flipHoriz=False, flipVert=False, font='Consonlas', fontFiles=[], height=0.07, italic=False, name='beauty_left', opacity=1.0, ori=0, pos=array([-0.8,  0.8]), rgb=array([255., 255., 255.]), text='美丽女性', units='norm', win=Window(...), wrapWidth=1)
11.3262 	EXP 	Created ugly_right = TextStim(__class__=<class 'psychopy.visual.text.TextStim'>, alignHoriz='center', alignVert='center', antialias=True, autoLog=True, bold=False, color='white', colorSpace='named', contrast=1.0, depth=-1.0, flipHoriz=False, flipVert=False, font='Consonlas', fontFiles=[], height=0.07, italic=False, name='ugly_right', opacity=1.0, ori=0, pos=array([0.8, 0.8]), rgb=array([255., 255., 255.]), text='普通女性', units='norm', win=Window(...), wrapWidth=1)
11.3373 	EXP 	text_wel: autoDraw = True
14.2282 	DATA 	Keypress: lshift
14.7228 	DATA 	Keypress: space
14.7530 	EXP 	text_wel: autoDraw = False
14.7530 	EXP 	beauty_left: autoDraw = True
14.7530 	EXP 	ugly_right: autoDraw = True
15.9881 	DATA 	Keypress: escape
16.0896 	EXP 	window1: mouseVisible = True
8.1290 	WARNING 	User requested fullscreen with size [1024  768], but screen is actually [1360, 768]. Using actual size
9.6589 	EXP 	Created window1 = Window(allowGUI=False, allowStencil=False, args=UNKNOWN, autoLog=True, bitsMode=UNKNOWN, blendMode='avg', color=array([0., 0., 0.]), colorSpace='rgb', fullscr=UNKNOWN, gamma=None, kwargs=UNKNOWN, lms=UNKNOWN, monitor=<psychopy.monitors.calibTools.Monitor object at 0x10FDB7F0>, multiSample=False, name='window1', numSamples=2, pos=[0.0, 0.0], screen=0, size=array([1360,  768]), stereo=False, units='norm', useFBO=True, useRetina=False, viewOri=0.0, viewPos=None, viewScale=None, waitBlanking=True, winType='pyglet')
9.6589 	EXP 	window1: recordFrameIntervals = False
9.9532 	EXP 	window1: recordFrameIntervals = True
10.7858 	DATA 	Keypress: lshift
11.0915 	EXP 	window1: recordFrameIntervals = False
11.4615 	EXP 	Created text_wel = TextStim(__class__=<class 'psychopy.visual.text.TextStim'>, alignHoriz='center', alignVert='center', antialias=True, autoLog=True, bold=False, color='white', colorSpace='named', contrast=1.0, depth=0.0, flipHoriz=False, flipVert=False, font='Consonlas', fontFiles=[], height=0.07, italic=False, name='text_wel', opacity=1.0, ori=0, pos=array([0., 0.]), rgb=array([255., 255., 255.]), text=str(...), units='norm', win=Window(...), wrapWidth=1)
11.4723 	EXP 	Created beauty_left = TextStim(__class__=<class 'psychopy.visual.text.TextStim'>, alignHoriz='center', alignVert='center', antialias=True, autoLog=True, bold=False, color='white', colorSpace='named', contrast=1.0, depth=0.0, flipHoriz=False, flipVert=False, font='Consonlas', fontFiles=[], height=0.07, italic=False, name='beauty_left', opacity=1.0, ori=0, pos=array([-0.8,  0.8]), rgb=array([255., 255., 255.]), text='美丽女性', units='norm', win=Window(...), wrapWidth=1)
11.4804 	EXP 	Created ugly_right = TextStim(__class__=<class 'psychopy.visual.text.TextStim'>, alignHoriz='center', alignVert='center', antialias=True, autoLog=True, bold=False, color='white', colorSpace='named', contrast=1.0, depth=-1.0, flipHoriz=False, flipVert=False, font='Consonlas', fontFiles=[], height=0.07, italic=False, name='ugly_right', opacity=1.0, ori=0, pos=array([0.8, 0.8]), rgb=array([255., 255., 255.]), text='普通女性', units='norm', win=Window(...), wrapWidth=1)
11.4959 	EXP 	text_wel: autoDraw = True
13.7820 	DATA 	Keypress: escape
13.8823 	EXP 	window1: mouseVisible = True
