14.8250 	DATA 	Keypress: lwindows
15.7574 	WARNING 	Couldn't measure a consistent frame rate.
  - Is your graphics card set to sync to vertical blank?
  - Are you running other processes on your computer?

15.7590 	EXP 	Created window1 = Window(allowGUI=False, allowStencil=False, args=UNKNOWN, autoLog=True, bitsMode=UNKNOWN, blendMode='avg', color=array([0., 0., 0.]), colorSpace='rgb', fullscr=UNKNOWN, gamma=None, kwargs=UNKNOWN, lms=UNKNOWN, monitor=<psychopy.monitors.calibTools.Monitor object at 0x0EA2B7D0>, multiSample=False, name='window1', numSamples=2, pos=[0.0, 0.0], screen=0, size=array([1360,  768]), stereo=False, units='norm', useFBO=True, useRetina=False, viewOri=0.0, viewPos=None, viewScale=None, waitBlanking=True, winType='pyglet')
15.7591 	EXP 	window1: recordFrameIntervals = False
15.9936 	EXP 	window1: recordFrameIntervals = True
16.0723 	WARNING 	t of last frame was 31.02ms (=1/32)
16.1193 	WARNING 	t of last frame was 30.85ms (=1/32)
16.1492 	WARNING 	t of last frame was 29.90ms (=1/33)
16.1983 	WARNING 	t of last frame was 32.90ms (=1/30)
16.2411 	WARNING 	Multiple dropped frames have occurred - I'll stop bothering you about them!
16.5186 	EXP 	window1: recordFrameIntervals = True
16.8282 	EXP 	Created text_wel = TextStim(__class__=<class 'psychopy.visual.text.TextStim'>, alignHoriz='center', alignVert='center', antialias=True, autoLog=True, bold=False, color='white', colorSpace='named', contrast=1.0, depth=0.0, flipHoriz=False, flipVert=False, font='Consonlas', fontFiles=[], height=0.07, italic=False, name='text_wel', opacity=1.0, ori=0, pos=array([0., 0.]), rgb=array([255., 255., 255.]), text=str(...), units='norm', win=Window(...), wrapWidth=1)
16.8528 	EXP 	Created beauty_left = TextStim(__class__=<class 'psychopy.visual.text.TextStim'>, alignHoriz='center', alignVert='center', antialias=True, autoLog=True, bold=False, color='white', colorSpace='named', contrast=1.0, depth=0.0, flipHoriz=False, flipVert=False, font='Consolas', fontFiles=[], height=0.1, italic=False, name='beauty_left', opacity=1.0, ori=0, pos=array([-0.5,  0.5]), rgb=array([255., 255., 255.]), text='美丽女性', units='norm', win=Window(...), wrapWidth=1)
16.8816 	EXP 	text_wel: autoDraw = True
18.4659 	DATA 	Mouse: Left button down, pos=(1224,357)
18.6162 	DATA 	Mouse:  Left button up, pos=(680,384)
22.7251 	DATA 	Keypress: space
22.7437 	EXP 	text_wel: autoDraw = False
22.7437 	EXP 	beauty_left: autoDraw = True
26.2707 	DATA 	Keypress: escape
26.3644 	EXP 	window1: mouseVisible = True
