25.6473 	EXP 	Created window1 = Window(allowGUI=False, allowStencil=False, args=UNKNOWN, autoLog=True, bitsMode=UNKNOWN, blendMode='avg', color=array([-1., -1., -1.]), colorSpace='rgb', fullscr=UNKNOWN, gamma=None, kwargs=UNKNOWN, lms=UNKNOWN, monitor=<psychopy.monitors.calibTools.Monitor object at 0x0EAEBA70>, multiSample=False, name='window1', numSamples=2, pos=[0.0, 0.0], screen=0, size=array([1360,  768]), stereo=False, units='norm', useFBO=True, useRetina=False, viewOri=0.0, viewPos=None, viewScale=None, waitBlanking=True, winType='pyglet')
25.6474 	EXP 	window1: recordFrameIntervals = False
25.8173 	EXP 	window1: recordFrameIntervals = True
26.0020 	EXP 	window1: recordFrameIntervals = False
26.2732 	EXP 	Created text_wel = TextStim(__class__=<class 'psychopy.visual.text.TextStim'>, alignHoriz='center', alignVert='center', antialias=True, autoLog=True, bold=False, color='white', colorSpace='named', contrast=1.0, depth=0.0, flipHoriz=False, flipVert=False, font='Consonlas', fontFiles=[], height=0.07, italic=False, name='text_wel', opacity=1.0, ori=0, pos=array([0., 0.]), rgb=array([255., 255., 255.]), text=str(...), units='norm', win=Window(...), wrapWidth=1)
26.2837 	EXP 	Created beauty_left = TextStim(__class__=<class 'psychopy.visual.text.TextStim'>, alignHoriz='center', alignVert='center', antialias=True, autoLog=True, bold=False, color='white', colorSpace='named', contrast=1.0, depth=0.0, flipHoriz=False, flipVert=False, font='Consonlas', fontFiles=[], height=0.07, italic=False, name='beauty_left', opacity=1.0, ori=0, pos=array([-0.8,  0.8]), rgb=array([255., 255., 255.]), text='美丽女性', units='norm', win=Window(...), wrapWidth=1)
26.2918 	EXP 	Created ugly_right = TextStim(__class__=<class 'psychopy.visual.text.TextStim'>, alignHoriz='center', alignVert='center', antialias=True, autoLog=True, bold=False, color='white', colorSpace='named', contrast=1.0, depth=-1.0, flipHoriz=False, flipVert=False, font='Consonlas', fontFiles=[], height=0.07, italic=False, name='ugly_right', opacity=1.0, ori=0, pos=array([0.8, 0.8]), rgb=array([255., 255., 255.]), text='普通女性', units='norm', win=Window(...), wrapWidth=1)
26.3088 	EXP 	Created text = TextStim(__class__=<class 'psychopy.visual.text.TextStim'>, alignHoriz='center', alignVert='center', antialias=True, autoLog=True, bold=False, color='white', colorSpace='named', contrast=1.0, depth=-2.0, flipHoriz=False, flipVert=False, font='Consolas', fontFiles=[], height=0.06, italic=False, name='text', opacity=1.0, ori=0, pos=array([-0.85,  0.6 ]), rgb=array([255., 255., 255.]), text='OR\n\n辣味', units='norm', win=Window(...), wrapWidth=1)
26.3292 	EXP 	Created image_1 = ImageStim(__class__=<class 'psychopy.visual.image.ImageStim'>, autoLog=True, color=array([1., 1., 1.]), colorSpace='rgb', contrast=1.0, depth=-3.0, flipHoriz=False, flipVert=False, image='photo\\\\beauty\\\\mn.png', interpolate=True, mask=None, maskParams=None, name='image_1', opacity=1.0, ori=0.0, pos=array([0., 0.]), size=array([0.7, 1.1]), texRes=128, units='norm', win=Window(...))
26.3375 	EXP 	Created cross = ShapeStim(__class__=<class 'psychopy.visual.shape.ShapeStim'>, autoDraw=False, autoLog=True, closeShape=True, contrast=1.0, depth=-4.0, fillColor=array([ 1., -1., -1.]), fillColorSpace='rgb', interpolate=True, lineColor=array([1., 1., 1.]), lineColorSpace='rgb', lineWidth=0.2, name='cross', opacity=1.0, ori=array(45.), pos=array([0. , 0.8]), size=array([0.2, 0.3]), units='norm', vertices=ndarray(...), win=Window(...), windingRule=None)
26.3497 	EXP 	text_wel: autoDraw = True
28.2941 	DATA 	Keypress: lshift
29.1160 	DATA 	Keypress: space
29.1318 	EXP 	text_wel: autoDraw = False
29.1318 	EXP 	beauty_left: autoDraw = True
29.1318 	EXP 	ugly_right: autoDraw = True
29.1318 	EXP 	text: autoDraw = True
29.1318 	EXP 	image_1: autoDraw = True
29.1318 	EXP 	cross: autoDraw = True
35.4687 	DATA 	Keypress: escape
35.5474 	EXP 	window1: mouseVisible = True
