7.9476 	EXP 	Created window1 = Window(allowGUI=False, allowStencil=False, args=UNKNOWN, autoLog=True, bitsMode=UNKNOWN, blendMode='avg', color=array([-1., -1., -1.]), colorSpace='rgb', fullscr=UNKNOWN, gamma=None, kwargs=UNKNOWN, lms=UNKNOWN, monitor=<psychopy.monitors.calibTools.Monitor object at 0x0E9BBB10>, multiSample=False, name='window1', numSamples=2, pos=[0.0, 0.0], screen=0, size=array([1360,  768]), stereo=False, units='norm', useFBO=True, useRetina=False, viewOri=0.0, viewPos=None, viewScale=None, waitBlanking=True, winType='pyglet')
7.9476 	EXP 	window1: recordFrameIntervals = False
8.1142 	EXP 	window1: recordFrameIntervals = True
8.2976 	EXP 	window1: recordFrameIntervals = False
8.5706 	EXP 	Created text_wel = TextStim(__class__=<class 'psychopy.visual.text.TextStim'>, alignHoriz='center', alignVert='center', antialias=True, autoLog=True, bold=False, color='white', colorSpace='named', contrast=1.0, depth=0.0, flipHoriz=False, flipVert=False, font='Consonlas', fontFiles=[], height=0.07, italic=False, name='text_wel', opacity=1.0, ori=0, pos=array([0., 0.]), rgb=array([255., 255., 255.]), text=str(...), units='norm', win=Window(...), wrapWidth=1)
8.5821 	EXP 	Created beauty_left = TextStim(__class__=<class 'psychopy.visual.text.TextStim'>, alignHoriz='center', alignVert='center', antialias=True, autoLog=True, bold=False, color='white', colorSpace='named', contrast=1.0, depth=0.0, flipHoriz=False, flipVert=False, font='Consonlas', fontFiles=[], height=0.07, italic=False, name='beauty_left', opacity=1.0, ori=0, pos=array([-0.8,  0.8]), rgb=array([255., 255., 255.]), text='美丽女性', units='norm', win=Window(...), wrapWidth=1)
8.5907 	EXP 	Created ugly_right = TextStim(__class__=<class 'psychopy.visual.text.TextStim'>, alignHoriz='center', alignVert='center', antialias=True, autoLog=True, bold=False, color='white', colorSpace='named', contrast=1.0, depth=-1.0, flipHoriz=False, flipVert=False, font='Consonlas', fontFiles=[], height=0.07, italic=False, name='ugly_right', opacity=1.0, ori=0, pos=array([0.8, 0.8]), rgb=array([255., 255., 255.]), text='普通女性', units='norm', win=Window(...), wrapWidth=1)
8.6083 	EXP 	Created or_hot = TextStim(__class__=<class 'psychopy.visual.text.TextStim'>, alignHoriz='center', alignVert='center', antialias=True, autoLog=True, bold=False, color='white', colorSpace='named', contrast=1.0, depth=-2.0, flipHoriz=False, flipVert=False, font='Consolas', fontFiles=[], height=0.06, italic=False, name='or_hot', opacity=1.0, ori=0, pos=array([-0.85,  0.6 ]), rgb=array([255., 255., 255.]), text='OR\n\n辣味', units='norm', win=Window(...), wrapWidth=1)
8.6289 	EXP 	Created image_1 = ImageStim(__class__=<class 'psychopy.visual.image.ImageStim'>, autoLog=True, color=array([1., 1., 1.]), colorSpace='rgb', contrast=1.0, depth=-3.0, flipHoriz=False, flipVert=False, image='photo\\\\beauty\\\\mn.png', interpolate=True, mask=None, maskParams=None, name='image_1', opacity=1.0, ori=0.0, pos=array([0., 0.]), size=array([0.7, 1.1]), texRes=128, units='norm', win=Window(...))
8.6374 	EXP 	Created cross = ShapeStim(__class__=<class 'psychopy.visual.shape.ShapeStim'>, autoDraw=False, autoLog=True, closeShape=True, contrast=1.0, depth=-4.0, fillColor=array([ 1., -1., -1.]), fillColorSpace='rgb', interpolate=True, lineColor=array([1., 1., 1.]), lineColorSpace='rgb', lineWidth=0.2, name='cross', opacity=1.0, ori=array(45.), pos=array([ 0. , -0.8]), size=array([0.3, 0.3]), units='norm', vertices=ndarray(...), win=Window(...), windingRule=None)
8.6484 	EXP 	text_wel: autoDraw = True
10.0385 	DATA 	Keypress: lshift
10.6253 	DATA 	Keypress: space
10.6411 	EXP 	text_wel: autoDraw = False
10.6411 	EXP 	beauty_left: autoDraw = True
10.6411 	EXP 	ugly_right: autoDraw = True
10.6411 	EXP 	or_hot: autoDraw = True
10.6411 	EXP 	image_1: autoDraw = True
10.6411 	EXP 	cross: autoDraw = True
12.4767 	DATA 	Keypress: e
12.5567 	EXP 	window1: mouseVisible = True
15.1422 	EXP 	Created window1 = Window(allowGUI=False, allowStencil=False, args=UNKNOWN, autoLog=True, bitsMode=UNKNOWN, blendMode='avg', color=array([-1., -1., -1.]), colorSpace='rgb', fullscr=UNKNOWN, gamma=None, kwargs=UNKNOWN, lms=UNKNOWN, monitor=<psychopy.monitors.calibTools.Monitor object at 0x0F02BAD0>, multiSample=False, name='window1', numSamples=2, pos=[0.0, 0.0], screen=0, size=array([1360,  768]), stereo=False, units='norm', useFBO=True, useRetina=False, viewOri=0.0, viewPos=None, viewScale=None, waitBlanking=True, winType='pyglet')
15.1422 	EXP 	window1: recordFrameIntervals = False
15.3090 	EXP 	window1: recordFrameIntervals = True
15.4930 	EXP 	window1: recordFrameIntervals = False
15.7633 	EXP 	Created text_wel = TextStim(__class__=<class 'psychopy.visual.text.TextStim'>, alignHoriz='center', alignVert='center', antialias=True, autoLog=True, bold=False, color='white', colorSpace='named', contrast=1.0, depth=0.0, flipHoriz=False, flipVert=False, font='Consonlas', fontFiles=[], height=0.07, italic=False, name='text_wel', opacity=1.0, ori=0, pos=array([0., 0.]), rgb=array([255., 255., 255.]), text=str(...), units='norm', win=Window(...), wrapWidth=1)
15.7738 	EXP 	Created beauty_left = TextStim(__class__=<class 'psychopy.visual.text.TextStim'>, alignHoriz='center', alignVert='center', antialias=True, autoLog=True, bold=False, color='white', colorSpace='named', contrast=1.0, depth=0.0, flipHoriz=False, flipVert=False, font='Consonlas', fontFiles=[], height=0.07, italic=False, name='beauty_left', opacity=1.0, ori=0, pos=array([-0.8,  0.8]), rgb=array([255., 255., 255.]), text='美丽女性', units='norm', win=Window(...), wrapWidth=1)
15.7818 	EXP 	Created ugly_right = TextStim(__class__=<class 'psychopy.visual.text.TextStim'>, alignHoriz='center', alignVert='center', antialias=True, autoLog=True, bold=False, color='white', colorSpace='named', contrast=1.0, depth=-1.0, flipHoriz=False, flipVert=False, font='Consonlas', fontFiles=[], height=0.07, italic=False, name='ugly_right', opacity=1.0, ori=0, pos=array([0.8, 0.8]), rgb=array([255., 255., 255.]), text='普通女性', units='norm', win=Window(...), wrapWidth=1)
15.7988 	EXP 	Created or_hot = TextStim(__class__=<class 'psychopy.visual.text.TextStim'>, alignHoriz='center', alignVert='center', antialias=True, autoLog=True, bold=False, color='white', colorSpace='named', contrast=1.0, depth=-2.0, flipHoriz=False, flipVert=False, font='Consolas', fontFiles=[], height=0.06, italic=False, name='or_hot', opacity=1.0, ori=0, pos=array([-0.85,  0.6 ]), rgb=array([255., 255., 255.]), text='OR\n\n辣味', units='norm', win=Window(...), wrapWidth=1)
15.8205 	EXP 	Created image_1 = ImageStim(__class__=<class 'psychopy.visual.image.ImageStim'>, autoLog=True, color=array([1., 1., 1.]), colorSpace='rgb', contrast=1.0, depth=-3.0, flipHoriz=False, flipVert=False, image='photo\\\\beauty\\\\mn.png', interpolate=True, mask=None, maskParams=None, name='image_1', opacity=1.0, ori=0.0, pos=array([0., 0.]), size=array([0.7, 1.1]), texRes=128, units='norm', win=Window(...))
15.8289 	EXP 	Created cross = ShapeStim(__class__=<class 'psychopy.visual.shape.ShapeStim'>, autoDraw=False, autoLog=True, closeShape=True, contrast=1.0, depth=-4.0, fillColor=array([ 1., -1., -1.]), fillColorSpace='rgb', interpolate=True, lineColor=array([1., 1., 1.]), lineColorSpace='rgb', lineWidth=0.2, name='cross', opacity=1.0, ori=array(45.), pos=array([ 0. , -0.8]), size=array([0.3, 0.3]), units='norm', vertices=ndarray(...), win=Window(...), windingRule=None)
15.8433 	EXP 	text_wel: autoDraw = True
16.4821 	DATA 	Keypress: lshift
17.0890 	DATA 	Keypress: space
17.1186 	EXP 	text_wel: autoDraw = False
17.1186 	EXP 	beauty_left: autoDraw = True
17.1186 	EXP 	ugly_right: autoDraw = True
17.1186 	EXP 	or_hot: autoDraw = True
17.1186 	EXP 	image_1: autoDraw = True
17.1186 	EXP 	cross: autoDraw = True
19.4731 	DATA 	Keypress: e
19.5593 	EXP 	window1: mouseVisible = True
